<?xml version="1.0" encoding="UTF-8"?>
<!-- Generated by org.testng.reporters.JUnitReportReporter -->
<testsuite hostname="DESKTOP-H2NNVKS" name="testCases.ZestMoneyAssignment" tests="1" failures="0" timestamp="23 Aug 2020 14:33:52 GMT" time="24.638" errors="0">
  <testcase name="testCaseOne" time="24.638" classname="testCases.ZestMoneyAssignment"/>
</testsuite> <!-- testCases.ZestMoneyAssignment -->
